2011-12-26 14:33:26 Notice: Notice (8): Undefined variable: logged_in in [/var/www/cake_primero/app/views/layouts/default.ctp, line 84]
2011-12-26 14:45:25 Notice: Notice (8): Undefined variable: logged_in in [/var/www/cake_primero/app/views/layouts/default.ctp, line 84]
2011-12-26 14:45:31 Notice: Notice (8): Undefined variable: logged_in in [/var/www/cake_primero/app/views/layouts/default.ctp, line 84]
2011-12-26 14:45:36 Notice: Notice (8): Undefined variable: logged_in in [/var/www/cake_primero/app/views/layouts/default.ctp, line 84]
2011-12-26 14:46:34 Notice: Notice (8): Undefined variable: logged_in in [/var/www/cake_primero/app/views/layouts/default.ctp, line 84]
2011-12-26 14:46:53 Notice: Notice (8): Undefined variable: logged_in in [/var/www/cake_primero/app/views/layouts/default.ctp, line 84]
2011-12-26 14:47:12 Notice: Notice (8): Undefined variable: logged_in in [/var/www/cake_primero/app/views/layouts/default.ctp, line 84]
2011-12-26 14:47:20 Notice: Notice (8): Undefined variable: logged_in in [/var/www/cake_primero/app/views/layouts/default.ctp, line 84]
2011-12-26 14:47:46 Notice: Notice (8): Undefined variable: logged_in in [/var/www/cake_primero/app/views/layouts/default.ctp, line 84]
2011-12-26 14:54:09 Notice: Notice (8): Undefined variable: logged_in in [/var/www/cake_primero/app/views/layouts/default.ctp, line 84]
2011-12-26 14:54:32 Notice: Notice (8): Undefined variable: logged_in in [/var/www/cake_primero/app/views/layouts/default.ctp, line 84]
2011-12-26 14:54:44 Notice: Notice (8): Undefined variable: logged_in in [/var/www/cake_primero/app/views/layouts/default.ctp, line 84]
2011-12-26 18:17:04 Notice: Notice (8): Undefined variable: mess in [/var/www/cake_primero/app/controllers/payments_controller.php, line 219]
2011-12-26 19:08:15 Notice: Notice (8): Undefined index:  peformance_id in [/var/www/cake_primero/app/models/ticket.php, line 41]
2011-12-26 19:08:15 Notice: Notice (8): Undefined variable: logged_in in [/var/www/cake_primero/app/views/layouts/default.ctp, line 84]
2011-12-26 20:40:51 Notice: Notice (8): Undefined variable: logged_in in [/var/www/cake_primero/app/views/layouts/default.ctp, line 84]
2011-12-26 20:41:01 Notice: Notice (8): Undefined variable: logged_in in [/var/www/cake_primero/app/views/layouts/default.ctp, line 84]
2011-12-26 20:45:49 Notice: Notice (8): Undefined variable: logged_in in [/var/www/cake_primero/app/views/layouts/default.ctp, line 84]
2011-12-26 21:16:03 Notice: Notice (8): Undefined variable: logged_in in [/var/www/cake_primero/app/views/layouts/default.ctp, line 84]
2011-12-26 21:16:39 Notice: Notice (8): Undefined variable: logged_in in [/var/www/cake_primero/app/views/layouts/default.ctp, line 84]
2011-12-26 23:09:30 Notice: Notice (8): Undefined variable: conditions2 in [/var/www/cake_primero/app/controllers/tickets_controller.php, line 23]
2011-12-27 02:40:15 Notice: Notice (8): Undefined property: Ticket::$Session in [/var/www/cake_primero/app/models/ticket.php, line 25]
2011-12-27 02:41:17 Notice: Notice (8): Undefined property: Ticket::$Session in [/var/www/cake_primero/app/models/ticket.php, line 25]
2011-12-27 05:01:26 Notice: Notice (8): Undefined variable: message in [/var/www/cake_primero/app/controllers/peliculas_controller.php, line 52]
2011-12-27 10:17:35 Notice: Notice (8): Undefined property: View::$Paginator in [/var/www/cake_primero/app/views/payments/index.ctp, line 6]
2011-12-27 10:22:06 Notice: Notice (8): Undefined variable: logged_in in [/var/www/cake_primero/app/views/layouts/default.ctp, line 97]
2011-12-27 10:24:56 Notice: Notice (8): Undefined property: View::$Paginator in [/var/www/cake_primero/app/views/payments/index.ctp, line 6]
2011-12-27 10:25:18 Notice: Notice (8): Undefined property: View::$Paginator in [/var/www/cake_primero/app/views/payments/index.ctp, line 6]
2011-12-27 10:25:41 Notice: Notice (8): Undefined property: View::$Paginator in [/var/www/cake_primero/app/views/payments/index.ctp, line 6]
2011-12-27 11:09:10 Notice: Notice (8): Undefined variable: my_date in [/var/www/cake_primero/app/models/actor.php, line 40]
2011-12-27 11:37:38 Notice: Notice (8): Undefined variable: logged_in in [/var/www/cake_primero/app/views/layouts/default.ctp, line 97]
2011-12-27 11:37:38 Notice: Notice (8): Undefined variable: logged_in in [/var/www/cake_primero/app/views/layouts/default.ctp, line 97]
2011-12-27 11:37:49 Notice: Notice (8): Undefined variable: logged_in in [/var/www/cake_primero/app/views/layouts/default.ctp, line 97]
2011-12-27 11:39:05 Notice: Notice (8): Undefined variable: logged_in in [/var/www/cake_primero/app/views/layouts/default.ctp, line 97]
2011-12-27 11:39:13 Notice: Notice (8): Undefined variable: logged_in in [/var/www/cake_primero/app/views/layouts/default.ctp, line 97]
2011-12-27 11:42:29 Notice: Notice (8): Undefined index:  amount_ticket in [/var/www/cake_primero/app/controllers/tickets_controller.php, line 86]
2011-12-27 11:52:50 Notice: Notice (8): Undefined variable: numberOfTickets in [/var/www/cake_primero/app/views/elements/tickets_list.ctp, line 71]
2011-12-27 15:12:33 Notice: Notice (8): Undefined variable: logged_in in [/var/www/cake_primero/app/views/layouts/default.ctp, line 97]
2011-12-27 15:12:34 Notice: Notice (8): Undefined variable: logged_in in [/var/www/cake_primero/app/views/layouts/default.ctp, line 97]
2011-12-27 15:15:28 Notice: Notice (8): Undefined variable: users_userRol in [/var/www/cake_primero/app/controllers/suscriptions_controller.php, line 19]
2011-12-27 15:16:02 Notice: Notice (8): Undefined variable: users_userRol in [/var/www/cake_primero/app/controllers/suscriptions_controller.php, line 19]
2011-12-27 15:17:02 Notice: Notice (8): Undefined variable: users_userRol in [/var/www/cake_primero/app/controllers/suscriptions_controller.php, line 21]
2011-12-27 15:20:43 Notice: Notice (8): Undefined variable: admin in [/var/www/cake_primero/app/controllers/suscriptions_controller.php, line 21]
2011-12-27 15:22:02 Notice: Notice (8): Undefined variable: logged_in in [/var/www/cake_primero/app/views/layouts/default.ctp, line 97]
2011-12-27 15:23:33 Notice: Notice (8): Undefined variable: logged_in in [/var/www/cake_primero/app/views/layouts/default.ctp, line 97]
2011-12-27 15:23:41 Notice: Notice (8): Undefined variable: logged_in in [/var/www/cake_primero/app/controllers/suscriptions_controller.php, line 21]
2011-12-27 15:23:52 Notice: Notice (8): Undefined variable: logged_in in [/var/www/cake_primero/app/controllers/suscriptions_controller.php, line 21]
2011-12-27 15:23:52 Notice: Notice (8): Undefined variable: tghis in [/var/www/cake_primero/app/controllers/suscriptions_controller.php, line 21]
2011-12-27 15:23:52 Notice: Notice (8): Trying to get property of non-object in [/var/www/cake_primero/app/controllers/suscriptions_controller.php, line 21]
2011-12-27 15:23:56 Notice: Notice (8): Undefined variable: logged_in in [/var/www/cake_primero/app/controllers/suscriptions_controller.php, line 21]
2011-12-27 15:24:07 Notice: Notice (8): Undefined variable: admin in [/var/www/cake_primero/app/controllers/suscriptions_controller.php, line 21]
2011-12-27 15:25:16 Notice: Notice (8): Undefined variable: admin in [/var/www/cake_primero/app/controllers/suscriptions_controller.php, line 21]
2011-12-27 15:25:24 Notice: Notice (8): Undefined variable: admin in [/var/www/cake_primero/app/controllers/suscriptions_controller.php, line 21]
2011-12-27 15:25:39 Notice: Notice (8): Undefined variable: logged_in in [/var/www/cake_primero/app/views/layouts/default.ctp, line 97]
2011-12-27 15:25:45 Notice: Notice (8): Undefined variable: admin in [/var/www/cake_primero/app/controllers/suscriptions_controller.php, line 21]
2011-12-27 15:25:52 Notice: Notice (8): Undefined variable: logged_in in [/var/www/cake_primero/app/views/layouts/default.ctp, line 97]
2011-12-27 15:28:02 Notice: Notice (8): Undefined variable: logged_in in [/var/www/cake_primero/app/views/layouts/default.ctp, line 97]
2011-12-27 15:29:15 Notice: Notice (8): Undefined property: SuscriptionsController::$User in [/var/www/cake_primero/app/controllers/suscriptions_controller.php, line 24]
2011-12-27 15:31:00 Notice: Notice (8): Undefined variable: logged_in in [/var/www/cake_primero/app/views/layouts/default.ctp, line 97]
2011-12-27 15:31:15 Notice: Notice (8): Undefined variable: logged_in in [/var/www/cake_primero/app/views/layouts/default.ctp, line 97]
2011-12-27 15:31:26 Notice: Notice (8): Undefined property: SuscriptionsController::$User in [/var/www/cake_primero/app/controllers/suscriptions_controller.php, line 24]
2011-12-27 15:31:48 Notice: Notice (8): Undefined variable: logged_in in [/var/www/cake_primero/app/views/layouts/default.ctp, line 97]
2011-12-27 15:31:53 Notice: Notice (8): Undefined property: SuscriptionsController::$User in [/var/www/cake_primero/app/controllers/suscriptions_controller.php, line 24]
2011-12-27 15:33:22 Notice: Notice (8): Undefined variable: logged_in in [/var/www/cake_primero/app/views/layouts/default.ctp, line 97]
2011-12-27 15:36:39 Notice: Notice (8): Undefined variable: logged_in in [/var/www/cake_primero/app/views/layouts/default.ctp, line 97]
2011-12-27 15:40:26 Notice: Notice (8): Undefined variable: logged_in in [/var/www/cake_primero/app/views/layouts/default.ctp, line 97]
2011-12-27 16:10:15 Notice: Notice (8): Undefined variable: numberOfTickets in [/var/www/cake_primero/app/views/elements/tickets_list.ctp, line 118]
2011-12-27 16:12:43 Notice: Notice (8): Undefined variable: logged_in in [/var/www/cake_primero/app/views/layouts/default.ctp, line 97]
2011-12-27 16:44:52 Notice: Notice (8): Undefined variable: response in [/var/www/cake_primero/app/controllers/socios_controller.php, line 190]
2011-12-27 16:45:13 Notice: Notice (8): Undefined variable: response in [/var/www/cake_primero/app/controllers/socios_controller.php, line 190]
2011-12-27 16:45:34 Notice: Notice (8): Undefined variable: response in [/var/www/cake_primero/app/controllers/socios_controller.php, line 190]
2011-12-27 16:45:57 Notice: Notice (8): Undefined variable: response in [/var/www/cake_primero/app/controllers/socios_controller.php, line 190]
2011-12-27 16:46:39 Notice: Notice (8): Undefined variable: response in [/var/www/cake_primero/app/controllers/socios_controller.php, line 190]
2011-12-27 16:51:12 Notice: Notice (8): Undefined variable: response in [/var/www/cake_primero/app/controllers/socios_controller.php, line 190]
2011-12-27 16:51:36 Notice: Notice (8): Undefined variable: response in [/var/www/cake_primero/app/controllers/socios_controller.php, line 190]
2011-12-27 16:58:31 Notice: Notice (8): Undefined variable: response in [/var/www/cake_primero/app/controllers/socios_controller.php, line 190]
2011-12-27 17:27:25 Notice: Notice (8): Undefined variable: logged_in in [/var/www/cake_primero/app/views/layouts/default.ctp, line 97]
2011-12-27 17:27:45 Notice: Notice (8): Undefined variable: logged_in in [/var/www/cake_primero/app/views/layouts/default.ctp, line 97]
