2011-12-22 18:10:01 Warning: Warning (512): <span style="color:Red;text-align:left"><b>SQL Error:</b> 1054: Unknown column 'Ticket.sala_id' in 'on clause'</span> in [C:\AppServ\www\cake_primero\cake\libs\model\datasources\dbo_source.php, line 684]
2011-12-22 18:10:01 Warning: Warning (512): <span style="color:Red;text-align:left"><b>SQL Error:</b> 1054: Unknown column 'Ticket.sala_id' in 'on clause'</span> in [C:\AppServ\www\cake_primero\cake\libs\model\datasources\dbo_source.php, line 684]
2011-12-22 18:25:51 Warning: Warning (512): <span style="color:Red;text-align:left"><b>SQL Error:</b> 1054: Unknown column 'Ticket.sala_id' in 'on clause'</span> in [C:\AppServ\www\cake_primero\cake\libs\model\datasources\dbo_source.php, line 684]
2011-12-23 00:13:40 Warning: Warning (512): <span style="color:Red;text-align:left"><b>SQL Error:</b> 1054: Unknown column 'Socio.Socio' in 'field list'</span> in [C:\AppServ\www\cake_primero\cake\libs\model\datasources\dbo_source.php, line 684]
2011-12-23 00:26:09 Warning: Warning (512): <span style="color:Red;text-align:left"><b>SQL Error:</b> 1054: Unknown column 'Socio.Socio' in 'field list'</span> in [C:\AppServ\www\cake_primero\cake\libs\model\datasources\dbo_source.php, line 684]
2011-12-23 00:40:05 Warning: Warning (2): Cannot modify header information - headers already sent by (output started at C:\AppServ\www\cake_primero\cake\libs\debugger.php:683) in [C:\AppServ\www\cake_primero\cake\libs\controller\controller.php, line 742]
2011-12-23 00:44:35 Warning: Warning (512): <span style="color:Red;text-align:left"><b>SQL Error:</b> 1054: Unknown column 'Socio.creditcard_socio_id' in 'on clause'</span> in [C:\AppServ\www\cake_primero\cake\libs\model\datasources\dbo_source.php, line 684]
2011-12-23 00:44:35 Warning: Warning (512): <span style="color:Red;text-align:left"><b>SQL Error:</b> 1054: Unknown column 'Socio.creditcard_socio_id' in 'on clause'</span> in [C:\AppServ\www\cake_primero\cake\libs\model\datasources\dbo_source.php, line 684]
2011-12-23 00:44:57 Warning: Warning (512): <span style="color:Red;text-align:left"><b>SQL Error:</b> 1054: Unknown column 'Socio.creditcard_socio_id' in 'on clause'</span> in [C:\AppServ\www\cake_primero\cake\libs\model\datasources\dbo_source.php, line 684]
2011-12-23 00:44:57 Warning: Warning (2): Invalid argument supplied for foreach() in [C:\AppServ\www\cake_primero\app\views\socios\index.ctp, line 22]
2011-12-23 00:44:58 Warning: Warning (512): <span style="color:Red;text-align:left"><b>SQL Error:</b> 1054: Unknown column 'Socio.creditcard_socio_id' in 'on clause'</span> in [C:\AppServ\www\cake_primero\cake\libs\model\datasources\dbo_source.php, line 684]
2011-12-23 00:44:58 Warning: Warning (2): Invalid argument supplied for foreach() in [C:\AppServ\www\cake_primero\app\views\socios\index.ctp, line 22]
2011-12-23 00:45:03 Warning: Warning (512): <span style="color:Red;text-align:left"><b>SQL Error:</b> 1054: Unknown column 'Socio.creditcard_socio_id' in 'on clause'</span> in [C:\AppServ\www\cake_primero\cake\libs\model\datasources\dbo_source.php, line 684]
2011-12-23 00:45:03 Warning: Warning (2): Invalid argument supplied for foreach() in [C:\AppServ\www\cake_primero\app\views\socios\index.ctp, line 22]
2011-12-23 01:28:59 Warning: Warning (512): <span style="color:Red;text-align:left"><b>SQL Error:</b> 1054: Unknown column 'Array' in 'field list'</span> in [C:\AppServ\www\cake_primero\cake\libs\model\datasources\dbo_source.php, line 684]
2011-12-23 01:28:59 Warning: Warning (2): Cannot modify header information - headers already sent by (output started at C:\AppServ\www\cake_primero\cake\libs\debugger.php:683) in [C:\AppServ\www\cake_primero\cake\libs\controller\controller.php, line 742]
2011-12-23 01:31:18 Warning: Warning (512): <span style="color:Red;text-align:left"><b>SQL Error:</b> 1054: Unknown column 'Array' in 'field list'</span> in [C:\AppServ\www\cake_primero\cake\libs\model\datasources\dbo_source.php, line 684]
2011-12-23 01:31:18 Warning: Warning (2): Cannot modify header information - headers already sent by (output started at C:\AppServ\www\cake_primero\cake\libs\debugger.php:683) in [C:\AppServ\www\cake_primero\cake\libs\controller\controller.php, line 742]
2011-12-23 01:32:32 Warning: Warning (512): <span style="color:Red;text-align:left"><b>SQL Error:</b> 1054: Unknown column 'Array' in 'field list'</span> in [C:\AppServ\www\cake_primero\cake\libs\model\datasources\dbo_source.php, line 684]
2011-12-23 01:32:32 Warning: Warning (2): Cannot modify header information - headers already sent by (output started at C:\AppServ\www\cake_primero\cake\libs\debugger.php:683) in [C:\AppServ\www\cake_primero\cake\libs\controller\controller.php, line 742]
2011-12-23 01:35:39 Warning: Warning (512): <span style="color:Red;text-align:left"><b>SQL Error:</b> 1054: Unknown column 'Array' in 'field list'</span> in [C:\AppServ\www\cake_primero\cake\libs\model\datasources\dbo_source.php, line 684]
2011-12-23 01:35:39 Warning: Warning (2): Cannot modify header information - headers already sent by (output started at C:\AppServ\www\cake_primero\cake\libs\debugger.php:683) in [C:\AppServ\www\cake_primero\cake\libs\controller\controller.php, line 742]
2011-12-23 01:38:29 Warning: Warning (512): <span style="color:Red;text-align:left"><b>SQL Error:</b> 1054: Unknown column 'Array' in 'field list'</span> in [C:\AppServ\www\cake_primero\cake\libs\model\datasources\dbo_source.php, line 684]
2011-12-23 01:38:29 Warning: Warning (2): Cannot modify header information - headers already sent by (output started at C:\AppServ\www\cake_primero\cake\libs\debugger.php:683) in [C:\AppServ\www\cake_primero\cake\libs\controller\controller.php, line 742]
2011-12-23 01:38:37 Warning: Warning (512): <span style="color:Red;text-align:left"><b>SQL Error:</b> 1054: Unknown column 'Array' in 'field list'</span> in [C:\AppServ\www\cake_primero\cake\libs\model\datasources\dbo_source.php, line 684]
2011-12-23 01:38:37 Warning: Warning (2): Cannot modify header information - headers already sent by (output started at C:\AppServ\www\cake_primero\cake\libs\debugger.php:683) in [C:\AppServ\www\cake_primero\cake\libs\controller\controller.php, line 742]
2011-12-23 01:42:23 Warning: Warning (512): <span style="color:Red;text-align:left"><b>SQL Error:</b> 1054: Unknown column 'Array' in 'field list'</span> in [C:\AppServ\www\cake_primero\cake\libs\model\datasources\dbo_source.php, line 684]
2011-12-23 01:42:23 Warning: Warning (2): Cannot modify header information - headers already sent by (output started at C:\AppServ\www\cake_primero\cake\libs\debugger.php:683) in [C:\AppServ\www\cake_primero\cake\libs\controller\controller.php, line 742]
2011-12-23 01:42:32 Warning: Warning (512): <span style="color:Red;text-align:left"><b>SQL Error:</b> 1054: Unknown column 'Array' in 'field list'</span> in [C:\AppServ\www\cake_primero\cake\libs\model\datasources\dbo_source.php, line 684]
2011-12-23 01:42:32 Warning: Warning (2): Cannot modify header information - headers already sent by (output started at C:\AppServ\www\cake_primero\cake\libs\debugger.php:683) in [C:\AppServ\www\cake_primero\cake\libs\controller\controller.php, line 742]
2011-12-23 01:46:27 Warning: Warning (512): <span style="color:Red;text-align:left"><b>SQL Error:</b> 1054: Unknown column 'Array' in 'field list'</span> in [C:\AppServ\www\cake_primero\cake\libs\model\datasources\dbo_source.php, line 684]
2011-12-23 01:46:27 Warning: Warning (2): Cannot modify header information - headers already sent by (output started at C:\AppServ\www\cake_primero\cake\libs\debugger.php:683) in [C:\AppServ\www\cake_primero\cake\libs\controller\controller.php, line 742]
2011-12-23 01:49:39 Warning: Warning (512): <span style="color:Red;text-align:left"><b>SQL Error:</b> 1054: Unknown column 'Array' in 'field list'</span> in [C:\AppServ\www\cake_primero\cake\libs\model\datasources\dbo_source.php, line 684]
2011-12-23 01:49:39 Warning: Warning (2): Cannot modify header information - headers already sent by (output started at C:\AppServ\www\cake_primero\cake\libs\debugger.php:683) in [C:\AppServ\www\cake_primero\cake\libs\controller\controller.php, line 742]
2011-12-23 01:49:45 Warning: Warning (512): <span style="color:Red;text-align:left"><b>SQL Error:</b> 1054: Unknown column 'Array' in 'field list'</span> in [C:\AppServ\www\cake_primero\cake\libs\model\datasources\dbo_source.php, line 684]
2011-12-23 01:49:45 Warning: Warning (2): Cannot modify header information - headers already sent by (output started at C:\AppServ\www\cake_primero\cake\libs\debugger.php:683) in [C:\AppServ\www\cake_primero\cake\libs\controller\controller.php, line 742]
2011-12-23 01:50:21 Warning: Warning (512): <span style="color:Red;text-align:left"><b>SQL Error:</b> 1054: Unknown column 'Array' in 'field list'</span> in [C:\AppServ\www\cake_primero\cake\libs\model\datasources\dbo_source.php, line 684]
2011-12-23 01:50:21 Warning: Warning (2): Cannot modify header information - headers already sent by (output started at C:\AppServ\www\cake_primero\cake\libs\debugger.php:683) in [C:\AppServ\www\cake_primero\cake\libs\controller\controller.php, line 742]
2011-12-23 01:54:17 Warning: Warning (512): <span style="color:Red;text-align:left"><b>SQL Error:</b> 1054: Unknown column 'Array' in 'field list'</span> in [C:\AppServ\www\cake_primero\cake\libs\model\datasources\dbo_source.php, line 684]
2011-12-23 01:54:17 Warning: Warning (2): Cannot modify header information - headers already sent by (output started at C:\AppServ\www\cake_primero\cake\libs\debugger.php:683) in [C:\AppServ\www\cake_primero\cake\libs\controller\controller.php, line 742]
2011-12-23 02:01:11 Warning: Warning (512): <span style="color:Red;text-align:left"><b>SQL Error:</b> 1054: Unknown column 'Socio.colectivo_id' in 'on clause'</span> in [C:\AppServ\www\cake_primero\cake\libs\model\datasources\dbo_source.php, line 684]
2011-12-23 02:01:11 Warning: Warning (512): <span style="color:Red;text-align:left"><b>SQL Error:</b> 1054: Unknown column 'Socio.colectivo_id' in 'on clause'</span> in [C:\AppServ\www\cake_primero\cake\libs\model\datasources\dbo_source.php, line 684]
2011-12-23 02:03:01 Warning: Warning (512): <span style="color:Red;text-align:left"><b>SQL Error:</b> 1054: Unknown column 'Socio.colectivo_id' in 'on clause'</span> in [C:\AppServ\www\cake_primero\cake\libs\model\datasources\dbo_source.php, line 684]
2011-12-23 02:03:01 Warning: Warning (2): Invalid argument supplied for foreach() in [C:\AppServ\www\cake_primero\app\views\socios\index.ctp, line 22]
2011-12-23 02:03:02 Warning: Warning (512): <span style="color:Red;text-align:left"><b>SQL Error:</b> 1054: Unknown column 'Socio.colectivo_id' in 'on clause'</span> in [C:\AppServ\www\cake_primero\cake\libs\model\datasources\dbo_source.php, line 684]
2011-12-23 02:03:02 Warning: Warning (2): Invalid argument supplied for foreach() in [C:\AppServ\www\cake_primero\app\views\socios\index.ctp, line 22]
2011-12-23 02:04:23 Warning: Warning (512): <span style="color:Red;text-align:left"><b>SQL Error:</b> 1054: Unknown column 'Socio.colectivo' in 'where clause'</span> in [C:\AppServ\www\cake_primero\cake\libs\model\datasources\dbo_source.php, line 684]
2011-12-23 02:04:24 Warning: Warning (512): <span style="color:Red;text-align:left"><b>SQL Error:</b> 1054: Unknown column 'Socio.colectivo' in 'where clause'</span> in [C:\AppServ\www\cake_primero\cake\libs\model\datasources\dbo_source.php, line 684]
2011-12-23 02:04:53 Warning: Warning (512): <span style="color:Red;text-align:left"><b>SQL Error:</b> 1054: Unknown column 'Socio.colectivo' in 'where clause'</span> in [C:\AppServ\www\cake_primero\cake\libs\model\datasources\dbo_source.php, line 684]
2011-12-23 02:04:54 Warning: Warning (512): <span style="color:Red;text-align:left"><b>SQL Error:</b> 1054: Unknown column 'Socio.colectivo' in 'where clause'</span> in [C:\AppServ\www\cake_primero\cake\libs\model\datasources\dbo_source.php, line 684]
2011-12-23 02:05:40 Warning: Warning (512): <span style="color:Red;text-align:left"><b>SQL Error:</b> 1054: Unknown column 'Socio.colectivoId' in 'where clause'</span> in [C:\AppServ\www\cake_primero\cake\libs\model\datasources\dbo_source.php, line 684]
2011-12-23 02:05:40 Warning: Warning (512): <span style="color:Red;text-align:left"><b>SQL Error:</b> 1054: Unknown column 'Socio.colectivoId' in 'where clause'</span> in [C:\AppServ\www\cake_primero\cake\libs\model\datasources\dbo_source.php, line 684]
2011-12-23 02:14:41 Warning: Warning (512): <span style="color:Red;text-align:left"><b>SQL Error:</b> 1062: Duplicate entry '' for key 2</span> in [C:\AppServ\www\cake_primero\cake\libs\model\datasources\dbo_source.php, line 684]
2011-12-23 02:14:41 Warning: Warning (2): Cannot modify header information - headers already sent by (output started at C:\AppServ\www\cake_primero\cake\libs\debugger.php:683) in [C:\AppServ\www\cake_primero\cake\libs\controller\controller.php, line 742]
2011-12-23 02:15:54 Warning: Warning (512): <span style="color:Red;text-align:left"><b>SQL Error:</b> 1054: Unknown column 'Socio.Socio' in 'field list'</span> in [C:\AppServ\www\cake_primero\cake\libs\model\datasources\dbo_source.php, line 684]
2011-12-23 02:17:21 Warning: Warning (512): <span style="color:Red;text-align:left"><b>SQL Error:</b> 1054: Unknown column 'Socio.Socio' in 'field list'</span> in [C:\AppServ\www\cake_primero\cake\libs\model\datasources\dbo_source.php, line 684]
2011-12-23 02:18:12 Warning: Warning (512): <span style="color:Red;text-align:left"><b>SQL Error:</b> 1054: Unknown column 'Socio.colectivo' in 'where clause'</span> in [C:\AppServ\www\cake_primero\cake\libs\model\datasources\dbo_source.php, line 684]
2011-12-23 02:18:13 Warning: Warning (512): <span style="color:Red;text-align:left"><b>SQL Error:</b> 1054: Unknown column 'Socio.colectivo' in 'where clause'</span> in [C:\AppServ\www\cake_primero\cake\libs\model\datasources\dbo_source.php, line 684]
2011-12-23 02:21:53 Warning: Warning (512): <span style="color:Red;text-align:left"><b>SQL Error:</b> 1064: You have an error in your SQL syntax; check the manual that corresponds to your MySQL server version for the right syntax to use near '' at line 1</span> in [C:\AppServ\www\cake_primero\cake\libs\model\datasources\dbo_source.php, line 684]
2011-12-23 02:22:09 Warning: Warning (512): <span style="color:Red;text-align:left"><b>SQL Error:</b> 1054: Unknown column 'Socio.Socio' in 'field list'</span> in [C:\AppServ\www\cake_primero\cake\libs\model\datasources\dbo_source.php, line 684]
2011-12-23 02:23:35 Warning: Warning (512): <span style="color:Red;text-align:left"><b>SQL Error:</b> 1054: Unknown column 'Socio.Socio' in 'field list'</span> in [C:\AppServ\www\cake_primero\cake\libs\model\datasources\dbo_source.php, line 684]
2011-12-23 02:36:37 Warning: Warning (512): <span style="color:Red;text-align:left"><b>SQL Error:</b> 1054: Unknown column 'Socio.Socio' in 'field list'</span> in [C:\AppServ\www\cake_primero\cake\libs\model\datasources\dbo_source.php, line 684]
2011-12-23 02:38:07 Warning: Warning (512): <span style="color:Red;text-align:left"><b>SQL Error:</b> 1054: Unknown column 'Socio.Socio' in 'field list'</span> in [C:\AppServ\www\cake_primero\cake\libs\model\datasources\dbo_source.php, line 684]
2011-12-23 02:38:52 Warning: Warning (512): <span style="color:Red;text-align:left"><b>SQL Error:</b> 1054: Unknown column 'Socio.Socio' in 'field list'</span> in [C:\AppServ\www\cake_primero\cake\libs\model\datasources\dbo_source.php, line 684]
2011-12-23 02:39:13 Warning: Warning (512): <span style="color:Red;text-align:left"><b>SQL Error:</b> 1054: Unknown column 'Socio.Socio' in 'field list'</span> in [C:\AppServ\www\cake_primero\cake\libs\model\datasources\dbo_source.php, line 684]
2011-12-23 02:40:26 Warning: Warning (512): <span style="color:Red;text-align:left"><b>SQL Error:</b> 1054: Unknown column 'Socio.Socio' in 'field list'</span> in [C:\AppServ\www\cake_primero\cake\libs\model\datasources\dbo_source.php, line 684]
2011-12-23 02:52:09 Warning: Warning (512): <span style="color:Red;text-align:left"><b>SQL Error:</b> 1054: Unknown column 'Socio.Socio' in 'field list'</span> in [C:\AppServ\www\cake_primero\cake\libs\model\datasources\dbo_source.php, line 684]
2011-12-23 02:52:44 Warning: Warning (512): <span style="color:Red;text-align:left"><b>SQL Error:</b> 1054: Unknown column 'Socio.colectivo' in 'where clause'</span> in [C:\AppServ\www\cake_primero\cake\libs\model\datasources\dbo_source.php, line 684]
2011-12-23 02:52:44 Warning: Warning (512): <span style="color:Red;text-align:left"><b>SQL Error:</b> 1054: Unknown column 'Socio.colectivo' in 'where clause'</span> in [C:\AppServ\www\cake_primero\cake\libs\model\datasources\dbo_source.php, line 684]
2011-12-23 02:56:17 Warning: Warning (512): <span style="color:Red;text-align:left"><b>SQL Error:</b> 1054: Unknown column 'Socio.Socio' in 'field list'</span> in [C:\AppServ\www\cake_primero\cake\libs\model\datasources\dbo_source.php, line 684]
2011-12-23 02:59:21 Warning: Warning (512): <span style="color:Red;text-align:left"><b>SQL Error:</b> 1062: Duplicate entry '' for key 2</span> in [C:\AppServ\www\cake_primero\cake\libs\model\datasources\dbo_source.php, line 684]
2011-12-23 02:59:21 Warning: Warning (2): Cannot modify header information - headers already sent by (output started at C:\AppServ\www\cake_primero\cake\libs\debugger.php:683) in [C:\AppServ\www\cake_primero\cake\libs\controller\controller.php, line 742]
2011-12-23 02:59:44 Warning: Warning (512): <span style="color:Red;text-align:left"><b>SQL Error:</b> 1062: Duplicate entry '' for key 2</span> in [C:\AppServ\www\cake_primero\cake\libs\model\datasources\dbo_source.php, line 684]
2011-12-23 02:59:44 Warning: Warning (2): Cannot modify header information - headers already sent by (output started at C:\AppServ\www\cake_primero\cake\libs\debugger.php:683) in [C:\AppServ\www\cake_primero\cake\libs\controller\controller.php, line 742]
2011-12-23 03:00:47 Warning: Warning (512): <span style="color:Red;text-align:left"><b>SQL Error:</b> 1062: Duplicate entry '' for key 2</span> in [C:\AppServ\www\cake_primero\cake\libs\model\datasources\dbo_source.php, line 684]
2011-12-23 03:00:47 Warning: Warning (2): Cannot modify header information - headers already sent by (output started at C:\AppServ\www\cake_primero\cake\libs\debugger.php:683) in [C:\AppServ\www\cake_primero\cake\libs\controller\controller.php, line 742]
2011-12-23 03:01:21 Warning: Warning (512): <span style="color:Red;text-align:left"><b>SQL Error:</b> 1062: Duplicate entry '' for key 2</span> in [C:\AppServ\www\cake_primero\cake\libs\model\datasources\dbo_source.php, line 684]
2011-12-23 03:01:21 Warning: Warning (2): Cannot modify header information - headers already sent by (output started at C:\AppServ\www\cake_primero\cake\libs\debugger.php:683) in [C:\AppServ\www\cake_primero\cake\libs\controller\controller.php, line 742]
2011-12-23 03:03:02 Warning: Warning (512): <span style="color:Red;text-align:left"><b>SQL Error:</b> 1062: Duplicate entry '' for key 2</span> in [C:\AppServ\www\cake_primero\cake\libs\model\datasources\dbo_source.php, line 684]
2011-12-23 03:03:02 Warning: Warning (2): Cannot modify header information - headers already sent by (output started at C:\AppServ\www\cake_primero\cake\libs\debugger.php:683) in [C:\AppServ\www\cake_primero\cake\libs\controller\controller.php, line 742]
2011-12-23 03:03:52 Warning: Warning (512): <span style="color:Red;text-align:left"><b>SQL Error:</b> 1062: Duplicate entry '' for key 2</span> in [C:\AppServ\www\cake_primero\cake\libs\model\datasources\dbo_source.php, line 684]
2011-12-23 03:03:52 Warning: Warning (2): Cannot modify header information - headers already sent by (output started at C:\AppServ\www\cake_primero\cake\libs\debugger.php:683) in [C:\AppServ\www\cake_primero\cake\libs\controller\controller.php, line 742]
2011-12-23 03:04:28 Warning: Warning (512): <span style="color:Red;text-align:left"><b>SQL Error:</b> 1062: Duplicate entry '' for key 2</span> in [C:\AppServ\www\cake_primero\cake\libs\model\datasources\dbo_source.php, line 684]
2011-12-23 03:04:28 Warning: Warning (2): Cannot modify header information - headers already sent by (output started at C:\AppServ\www\cake_primero\cake\libs\debugger.php:683) in [C:\AppServ\www\cake_primero\cake\libs\controller\controller.php, line 742]
2011-12-23 03:04:55 Warning: Warning (512): <span style="color:Red;text-align:left"><b>SQL Error:</b> 1054: Unknown column 'Socio.colectivo' in 'where clause'</span> in [C:\AppServ\www\cake_primero\cake\libs\model\datasources\dbo_source.php, line 684]
2011-12-24 13:32:41 Warning: Warning (512): <span style="color:Red;text-align:left"><b>SQL Error:</b> 1048: Column 'state_id' cannot be null</span> in [C:\AppServ\www\cake_primero\cake\libs\model\datasources\dbo_source.php, line 684]
2011-12-24 13:33:38 Warning: Warning (512): <span style="color:Red;text-align:left"><b>SQL Error:</b> 1048: Column 'state_id' cannot be null</span> in [C:\AppServ\www\cake_primero\cake\libs\model\datasources\dbo_source.php, line 684]
2011-12-24 13:34:41 Warning: Warning (512): <span style="color:Red;text-align:left"><b>SQL Error:</b> 1048: Column 'state_id' cannot be null</span> in [C:\AppServ\www\cake_primero\cake\libs\model\datasources\dbo_source.php, line 684]
2011-12-24 16:18:31 Warning: Warning (512): <span style="color:Red;text-align:left"><b>SQL Error:</b> 1062: Duplicate entry '' for key 2</span> in [C:\AppServ\www\cake_primero\cake\libs\model\datasources\dbo_source.php, line 684]
2011-12-24 16:18:31 Warning: Warning (2): Cannot modify header information - headers already sent by (output started at C:\AppServ\www\cake_primero\cake\libs\debugger.php:683) in [C:\AppServ\www\cake_primero\cake\libs\controller\controller.php, line 742]
2011-12-24 18:38:07 Warning: Warning (512): <span style="color:Red;text-align:left"><b>SQL Error:</b> 1054: Unknown column 'Socio.creditcard_id' in 'on clause'</span> in [C:\AppServ\www\cake_primero\cake\libs\model\datasources\dbo_source.php, line 684]
2011-12-24 18:38:07 Warning: Warning (2): Invalid argument supplied for foreach() in [C:\AppServ\www\cake_primero\app\views\socios\index.ctp, line 22]
2011-12-24 18:38:08 Warning: Warning (512): <span style="color:Red;text-align:left"><b>SQL Error:</b> 1054: Unknown column 'Socio.creditcard_id' in 'on clause'</span> in [C:\AppServ\www\cake_primero\cake\libs\model\datasources\dbo_source.php, line 684]
2011-12-24 18:38:08 Warning: Warning (2): Invalid argument supplied for foreach() in [C:\AppServ\www\cake_primero\app\views\socios\index.ctp, line 22]
2011-12-24 18:46:36 Warning: Warning (512): <span style="color:Red;text-align:left"><b>SQL Error:</b> 1054: Unknown column 'Array' in 'field list'</span> in [C:\AppServ\www\cake_primero\cake\libs\model\datasources\dbo_source.php, line 684]
2011-12-24 18:46:36 Warning: Warning (2): Cannot modify header information - headers already sent by (output started at C:\AppServ\www\cake_primero\cake\libs\debugger.php:683) in [C:\AppServ\www\cake_primero\cake\libs\controller\controller.php, line 742]
2011-12-24 20:52:13 Warning: Warning (512): <span style="color:Red;text-align:left"><b>SQL Error:</b> 1054: Unknown column 'Array' in 'field list'</span> in [C:\AppServ\www\cake_primero\cake\libs\model\datasources\dbo_source.php, line 684]
2011-12-24 20:52:13 Warning: Warning (2): Cannot modify header information - headers already sent by (output started at C:\AppServ\www\cake_primero\cake\libs\debugger.php:683) in [C:\AppServ\www\cake_primero\cake\libs\controller\controller.php, line 742]
2011-12-24 18:57:19 Warning: Warning (512): <span style="color:Red;text-align:left"><b>SQL Error:</b> 1054: Unknown column 'Array' in 'field list'</span> in [C:\AppServ\www\cake_primero\cake\libs\model\datasources\dbo_source.php, line 684]
2011-12-24 18:57:19 Warning: Warning (2): Cannot modify header information - headers already sent by (output started at C:\AppServ\www\cake_primero\cake\libs\debugger.php:683) in [C:\AppServ\www\cake_primero\cake\libs\controller\controller.php, line 742]
2011-12-24 19:01:40 Warning: Warning (2): Cannot modify header information - headers already sent by (output started at C:\AppServ\www\cake_primero\cake\basics.php:110) in [C:\AppServ\www\cake_primero\cake\libs\controller\controller.php, line 742]
2011-12-24 19:03:52 Warning: Warning (2): Cannot modify header information - headers already sent by (output started at C:\AppServ\www\cake_primero\cake\basics.php:110) in [C:\AppServ\www\cake_primero\cake\libs\controller\controller.php, line 742]
2011-12-24 21:09:38 Warning: Warning (2): Cannot modify header information - headers already sent by (output started at C:\AppServ\www\cake_primero\cake\basics.php:110) in [C:\AppServ\www\cake_primero\cake\libs\controller\controller.php, line 742]
2011-12-24 19:27:33 Warning: Warning (512): <span style="color:Red;text-align:left"><b>SQL Error:</b> 1048: Column 'financiera_id' cannot be null</span> in [C:\AppServ\www\cake_primero\cake\libs\model\datasources\dbo_source.php, line 684]
2011-12-24 19:27:33 Warning: Warning (2): Cannot modify header information - headers already sent by (output started at C:\AppServ\www\cake_primero\cake\libs\debugger.php:683) in [C:\AppServ\www\cake_primero\cake\libs\controller\controller.php, line 742]
2011-12-24 19:30:02 Warning: Warning (512): <span style="color:Red;text-align:left"><b>SQL Error:</b> 1048: Column 'financiera_id' cannot be null</span> in [C:\AppServ\www\cake_primero\cake\libs\model\datasources\dbo_source.php, line 684]
2011-12-24 19:30:02 Warning: Warning (2): Cannot modify header information - headers already sent by (output started at C:\AppServ\www\cake_primero\cake\basics.php:110) in [C:\AppServ\www\cake_primero\cake\libs\controller\controller.php, line 742]
2011-12-24 21:31:59 Warning: Warning (512): <span style="color:Red;text-align:left"><b>SQL Error:</b> 1048: Column 'financiera_id' cannot be null</span> in [C:\AppServ\www\cake_primero\cake\libs\model\datasources\dbo_source.php, line 684]
2011-12-24 21:31:59 Warning: Warning (2): Cannot modify header information - headers already sent by (output started at C:\AppServ\www\cake_primero\cake\libs\debugger.php:683) in [C:\AppServ\www\cake_primero\cake\libs\controller\controller.php, line 742]
2011-12-24 21:33:06 Warning: Warning (2): Cannot modify header information - headers already sent by (output started at C:\AppServ\www\cake_primero\cake\basics.php:110) in [C:\AppServ\www\cake_primero\cake\libs\controller\controller.php, line 742]
2011-12-24 19:37:31 Warning: Warning (512): <span style="color:Red;text-align:left"><b>SQL Error:</b> 1054: Unknown column 'Array' in 'field list'</span> in [C:\AppServ\www\cake_primero\cake\libs\model\datasources\dbo_source.php, line 684]
2011-12-24 19:37:31 Warning: Warning (2): Cannot modify header information - headers already sent by (output started at C:\AppServ\www\cake_primero\cake\libs\debugger.php:683) in [C:\AppServ\www\cake_primero\cake\libs\controller\controller.php, line 742]
2011-12-24 19:40:54 Warning: Warning (512): <span style="color:Red;text-align:left"><b>SQL Error:</b> 1054: Unknown column 'Array' in 'field list'</span> in [C:\AppServ\www\cake_primero\cake\libs\model\datasources\dbo_source.php, line 684]
2011-12-24 19:40:54 Warning: Warning (2): Cannot modify header information - headers already sent by (output started at C:\AppServ\www\cake_primero\cake\libs\debugger.php:683) in [C:\AppServ\www\cake_primero\cake\libs\controller\controller.php, line 742]
2011-12-24 21:43:10 Warning: Warning (2): Cannot modify header information - headers already sent by (output started at C:\AppServ\www\cake_primero\cake\basics.php:110) in [C:\AppServ\www\cake_primero\cake\libs\controller\controller.php, line 742]
2011-12-24 20:13:51 Warning: Warning (512): <span style="color:Red;text-align:left"><b>SQL Error:</b> 1054: Unknown column 'Socio.17847186' in 'field list'</span> in [C:\AppServ\www\cake_primero\cake\libs\model\datasources\dbo_source.php, line 684]
2011-12-24 20:13:51 Warning: Warning (2): Cannot modify header information - headers already sent by (output started at C:\AppServ\www\cake_primero\cake\libs\debugger.php:683) in [C:\AppServ\www\cake_primero\cake\libs\controller\controller.php, line 742]
2011-12-24 20:16:41 Warning: Warning (2): Cannot modify header information - headers already sent by (output started at C:\AppServ\www\cake_primero\cake\basics.php:110) in [C:\AppServ\www\cake_primero\cake\libs\controller\controller.php, line 742]
2011-12-26 02:56:50 Warning: Warning (512): <span style="color:Red;text-align:left"><b>SQL Error:</b> 1064: You have an error in your SQL syntax; check the manual that corresponds to your MySQL server version for the right syntax to use near '=>0' at line 1</span> in [C:\AppServ\www\cake_primero\cake\libs\model\datasources\dbo_source.php, line 684]
2011-12-26 02:56:50 Warning: Warning (512): <span style="color:Red;text-align:left"><b>SQL Error:</b> 1064: You have an error in your SQL syntax; check the manual that corresponds to your MySQL server version for the right syntax to use near '=>0   ORDER BY `Performance`.`id` DESC  LIMIT 10' at line 1</span> in [C:\AppServ\www\cake_primero\cake\libs\model\datasources\dbo_source.php, line 684]
2011-12-26 02:56:50 Warning: Warning (2): Invalid argument supplied for foreach() in [C:\AppServ\www\cake_primero\app\views\performances\search.ctp, line 25]
2011-12-26 03:33:55 Warning: Warning (512): <span style="color:Red;text-align:left"><b>SQL Error:</b> 1054: Unknown column 'Socio.creditcard_id' in 'on clause'</span> in [C:\AppServ\www\cake_primero\cake\libs\model\datasources\dbo_source.php, line 684]
2011-12-26 03:33:55 Warning: Warning (2): Invalid argument supplied for foreach() in [C:\AppServ\www\cake_primero\app\views\socios\index.ctp, line 22]
2011-12-26 03:33:55 Warning: Warning (512): <span style="color:Red;text-align:left"><b>SQL Error:</b> 1054: Unknown column 'Socio.creditcard_id' in 'on clause'</span> in [C:\AppServ\www\cake_primero\cake\libs\model\datasources\dbo_source.php, line 684]
2011-12-26 03:33:55 Warning: Warning (2): Invalid argument supplied for foreach() in [C:\AppServ\www\cake_primero\app\views\socios\index.ctp, line 22]
2011-12-26 03:36:55 Warning: Warning (512): <span style="color:Red;text-align:left"><b>SQL Error:</b> 1054: Unknown column 'Socio.colectivo' in 'where clause'</span> in [C:\AppServ\www\cake_primero\cake\libs\model\datasources\dbo_source.php, line 684]
2011-12-26 03:36:55 Warning: Warning (512): <span style="color:Red;text-align:left"><b>SQL Error:</b> 1054: Unknown column 'Socio.colectivo' in 'where clause'</span> in [C:\AppServ\www\cake_primero\cake\libs\model\datasources\dbo_source.php, line 684]
2011-12-26 03:38:57 Warning: Warning (512): <span style="color:Red;text-align:left"><b>SQL Error:</b> 1054: Unknown column 'Socio.colectivo_id_id' in 'where clause'</span> in [C:\AppServ\www\cake_primero\cake\libs\model\datasources\dbo_source.php, line 684]
2011-12-26 03:38:58 Warning: Warning (512): <span style="color:Red;text-align:left"><b>SQL Error:</b> 1054: Unknown column 'Socio.colectivo_id_id' in 'where clause'</span> in [C:\AppServ\www\cake_primero\cake\libs\model\datasources\dbo_source.php, line 684]
